<?xml version="1.0" encoding="UTF-8"?>
<testsuite xmlns:xsi="http://www.w3.org/2001/XMLSchema-instance" xsi:noNamespaceSchemaLocation="https://maven.apache.org/surefire/maven-surefire-plugin/xsd/surefire-test-report.xsd" name="TestSuite" time="42.428" tests="19" errors="0" skipped="0" failures="5">
  <properties>
[...]
</properties>
  <testcase name="errorDisplaying" classname="ui.mainPage.ErrorDisplayingTest" time="0.157"/>
  <testcase name="calculateButton" classname="ui.mainPage.ContentTest" time="0.029"/>
  <testcase name="headerTitle" classname="ui.mainPage.ContentTest" time="0.045"/>
  <testcase name="inputField" classname="ui.mainPage.ContentTest" time="0.032"/>
  <testcase name="resultDisplayingFormat" classname="ui.mainPage.ResultDisplayingTest" time="0.519"/>
  <testcase name="resultDisplayingFormat" classname="ui.mainPage.ResultDisplayingTest" time="0.611"/>
  <testcase name="resultDisplayingFormat" classname="ui.mainPage.ResultDisplayingTest" time="0.615">
    <failure message="expected [The factorial of 270 is: 6662114104669102659441021975736134627769448930279862933653218630551948003511087832565415828448678280273978753617211105330479503215391395051285941411676952807468659285639696303194016356426102905293246092874474761645912856695644240665245982604485191327580894984261640512855484243841384335849362695123615035750935706878324574737858489512861092219029899373726694555642915186832331932293272162921969108837665231946747134114678139970333858780786306763062986052579371266852134060032000000000000000000000000000000000000000000000000000000000000000000] but found [The factorial of 270 is: Infinity]" type="java.lang.AssertionError">java.lang.AssertionError: expected [The factorial of 270 is: 6662114104669102659441021975736134627769448930279862933653218630551948003511087832565415828448678280273978753617211105330479503215391395051285941411676952807468659285639696303194016356426102905293246092874474761645912856695644240665245982604485191327580894984261640512855484243841384335849362695123615035750935706878324574737858489512861092219029899373726694555642915186832331932293272162921969108837665231946747134114678139970333858780786306763062986052579371266852134060032000000000000000000000000000000000000000000000000000000000000000000] but found [The factorial of 270 is: Infinity]
	at ui.mainPage.ResultDisplayingTest.resultDisplayingFormat(ResultDisplayingTest.java:36)
</failure>
  </testcase>
  <testcase name="resultDisplayingFormat" classname="ui.mainPage.ResultDisplayingTest" time="9.147">
    <failure message="Expected condition failed: waiting for org.openqa.selenium.support.ui.ExpectedConditions$$Lambda$722/0x000000080122d088@750f7673 (tried for 10 second(s) with 500 milliseconds interval)&#10;Build info: version: &apos;3.141.59&apos;, revision: &apos;e82be7d358&apos;, time: &apos;2018-11-14T08:17:03&apos;&#10;System info: host: &apos;Ihars-MacBook-Pro.local&apos;, ip: &apos;fe80:0:0:0:10d6:3f9a:a43:146c%en0&apos;, os.name: &apos;Mac OS X&apos;, os.arch: &apos;aarch64&apos;, os.version: &apos;13.1&apos;, java.version: &apos;19.0.2&apos;&#10;Driver info: org.openqa.selenium.chrome.ChromeDriver&#10;Capabilities {acceptInsecureCerts: false, browserName: chrome, browserVersion: 109.0.5414.119, chrome: {chromedriverVersion: 109.0.5414.74 (e7c5703604da..., userDataDir: /var/folders/r3/64949w294hg...}, goog:chromeOptions: {debuggerAddress: localhost:52182}, javascriptEnabled: true, networkConnectionEnabled: false, pageLoadStrategy: normal, platform: MAC, platformName: MAC, proxy: Proxy(), setWindowRect: true, strictFileInteractability: false, timeouts: {implicit: 0, pageLoad: 300000, script: 30000}, unhandledPromptBehavior: dismiss and notify, webauthn:extension:credBlob: true, webauthn:extension:largeBlob: true, webauthn:virtualAuthenticators: true}&#10;Session ID: cbb91e7c789dac7c2e05c68999f1a459" type="org.openqa.selenium.TimeoutException">org.openqa.selenium.TimeoutException: 
Expected condition failed: waiting for org.openqa.selenium.support.ui.ExpectedConditions$$Lambda$722/0x000000080122d088@750f7673 (tried for 10 second(s) with 500 milliseconds interval)
Build info: version: '3.141.59', revision: 'e82be7d358', time: '2018-11-14T08:17:03'
System info: host: 'Ihars-MacBook-Pro.local', ip: 'fe80:0:0:0:10d6:3f9a:a43:146c%en0', os.name: 'Mac OS X', os.arch: 'aarch64', os.version: '13.1', java.version: '19.0.2'
Driver info: org.openqa.selenium.chrome.ChromeDriver
Capabilities {acceptInsecureCerts: false, browserName: chrome, browserVersion: 109.0.5414.119, chrome: {chromedriverVersion: 109.0.5414.74 (e7c5703604da..., userDataDir: /var/folders/r3/64949w294hg...}, goog:chromeOptions: {debuggerAddress: localhost:52182}, javascriptEnabled: true, networkConnectionEnabled: false, pageLoadStrategy: normal, platform: MAC, platformName: MAC, proxy: Proxy(), setWindowRect: true, strictFileInteractability: false, timeouts: {implicit: 0, pageLoad: 300000, script: 30000}, unhandledPromptBehavior: dismiss and notify, webauthn:extension:credBlob: true, webauthn:extension:largeBlob: true, webauthn:virtualAuthenticators: true}
Session ID: cbb91e7c789dac7c2e05c68999f1a459
	at ui.mainPage.ResultDisplayingTest.resultDisplayingFormat(ResultDisplayingTest.java:34)
</failure>
  </testcase>
  <testcase name="inputDataTypeValidation" classname="ui.mainPage.InputDataTypeTest" time="0.168"/>
  <testcase name="inputDataTypeValidation" classname="ui.mainPage.InputDataTypeTest" time="0.105"/>
  <testcase name="inputDataTypeValidation" classname="ui.mainPage.InputDataTypeTest" time="0.103"/>
  <testcase name="inputDataTypeValidation" classname="ui.mainPage.InputDataTypeTest" time="0.08"/>
  <testcase name="inputDataTypeValidation" classname="ui.mainPage.InputDataTypeTest" time="10.203">
    <failure message="Expected condition failed: waiting for org.openqa.selenium.support.ui.ExpectedConditions$$Lambda$722/0x000000080122d088@2a174631 (tried for 10 second(s) with 500 milliseconds interval)&#10;Build info: version: &apos;3.141.59&apos;, revision: &apos;e82be7d358&apos;, time: &apos;2018-11-14T08:17:03&apos;&#10;System info: host: &apos;Ihars-MacBook-Pro.local&apos;, ip: &apos;fe80:0:0:0:10d6:3f9a:a43:146c%en0&apos;, os.name: &apos;Mac OS X&apos;, os.arch: &apos;aarch64&apos;, os.version: &apos;13.1&apos;, java.version: &apos;19.0.2&apos;&#10;Driver info: org.openqa.selenium.chrome.ChromeDriver&#10;Capabilities {acceptInsecureCerts: false, browserName: chrome, browserVersion: 109.0.5414.119, chrome: {chromedriverVersion: 109.0.5414.74 (e7c5703604da..., userDataDir: /var/folders/r3/64949w294hg...}, goog:chromeOptions: {debuggerAddress: localhost:52184}, javascriptEnabled: true, networkConnectionEnabled: false, pageLoadStrategy: normal, platform: MAC, platformName: MAC, proxy: Proxy(), setWindowRect: true, strictFileInteractability: false, timeouts: {implicit: 0, pageLoad: 300000, script: 30000}, unhandledPromptBehavior: dismiss and notify, webauthn:extension:credBlob: true, webauthn:extension:largeBlob: true, webauthn:virtualAuthenticators: true}&#10;Session ID: 868106926a40cf86daa4247111c7aabf" type="org.openqa.selenium.TimeoutException">org.openqa.selenium.TimeoutException: 
Expected condition failed: waiting for org.openqa.selenium.support.ui.ExpectedConditions$$Lambda$722/0x000000080122d088@2a174631 (tried for 10 second(s) with 500 milliseconds interval)
Build info: version: '3.141.59', revision: 'e82be7d358', time: '2018-11-14T08:17:03'
System info: host: 'Ihars-MacBook-Pro.local', ip: 'fe80:0:0:0:10d6:3f9a:a43:146c%en0', os.name: 'Mac OS X', os.arch: 'aarch64', os.version: '13.1', java.version: '19.0.2'
Driver info: org.openqa.selenium.chrome.ChromeDriver
Capabilities {acceptInsecureCerts: false, browserName: chrome, browserVersion: 109.0.5414.119, chrome: {chromedriverVersion: 109.0.5414.74 (e7c5703604da..., userDataDir: /var/folders/r3/64949w294hg...}, goog:chromeOptions: {debuggerAddress: localhost:52184}, javascriptEnabled: true, networkConnectionEnabled: false, pageLoadStrategy: normal, platform: MAC, platformName: MAC, proxy: Proxy(), setWindowRect: true, strictFileInteractability: false, timeouts: {implicit: 0, pageLoad: 300000, script: 30000}, unhandledPromptBehavior: dismiss and notify, webauthn:extension:credBlob: true, webauthn:extension:largeBlob: true, webauthn:virtualAuthenticators: true}
Session ID: 868106926a40cf86daa4247111c7aabf
	at ui.mainPage.InputDataTypeTest.inputDataTypeValidation(InputDataTypeTest.java:35)
</failure>
  </testcase>
  <testcase name="calculationTest" classname="api.FactorialCalculationTest" time="2.911"/>
  <testcase name="calculationTest" classname="api.FactorialCalculationTest" time="1.921">
    <failure message="1 expectation failed.&#10;Expected status code &lt;200&gt; but was &lt;500&gt;.&#10;" type="java.lang.AssertionError"><![CDATA[java.lang.AssertionError: 
1 expectation failed.
Expected status code <200> but was <500>.

	at api.FactorialCalculationTest.calculationTest(FactorialCalculationTest.java:34)
]]></failure>
  </testcase>
  <testcase name="calculationTest" classname="api.FactorialCalculationTest" time="2.416"/>
  <testcase name="calculationTest" classname="api.FactorialCalculationTest" time="1.169"/>
  <testcase name="calculationTest" classname="api.FactorialCalculationTest" time="1.864"/>
  <testcase name="calculationTest" classname="api.FactorialCalculationTest" time="0.887">
    <failure message="1 expectation failed.&#10;Expected status code &lt;200&gt; but was &lt;500&gt;.&#10;" type="java.lang.AssertionError"><![CDATA[java.lang.AssertionError: 
1 expectation failed.
Expected status code <200> but was <500>.

	at api.FactorialCalculationTest.calculationTest(FactorialCalculationTest.java:34)
]]></failure>
  </testcase>
</testsuite>